<?xml version="1.0" encoding="UTF-8"?>
<!-- Generated by org.testng.reporters.JUnitReportReporter -->
<testsuite hostname="Ricardos-MacBook-Pro.local" failures="0" tests="1" name="com.orangehrm.qa.Login" time="0.004" errors="0" timestamp="04 Feb 2023 17:48:34 GMT" skipped="0">
  <testcase classname="com.orangehrm.qa.Login" name="tc001Login" time="0.004"/>
</testsuite> <!-- com.orangehrm.qa.Login -->
