<?xml version="1.0" encoding="UTF-8"?>
<!-- Generated by org.testng.reporters.JUnitReportReporter -->
<testsuite hostname="Ricardos-MacBook-Pro.local" failures="0" tests="1" name="com.orangehrm.qa.LoginPOM" time="18.005" errors="0" timestamp="25 Feb 2023 15:00:58 GMT" skipped="0">
  <testcase classname="com.orangehrm.qa.LoginPOM" name="tc001LoginUser" time="18.005"/>
</testsuite> <!-- com.orangehrm.qa.LoginPOM -->
