<?xml version="1.0" encoding="UTF-8"?>
<!-- Generated by org.testng.reporters.JUnitReportReporter -->
<testsuite hostname="Ricardos-MBP.home" failures="0" tests="1" name="com.google.qa.FirstTest" time="10.193" errors="0" timestamp="14 Jan 2023 17:57:19 GMT" skipped="0">
  <testcase classname="com.google.qa.FirstTest" name="f" time="10.193"/>
</testsuite> <!-- com.google.qa.FirstTest -->
